app/build/intermediates/manifest_merge_blame_file/debug/manifest-merger-blame-debug-report.txt
1<?xml version="1.0" encoding="utf-8"?>
2<manifest xmlns:android="http://schemas.android.com/apk/res/android"
3    package="com.example.netflix"
4    android:versionCode="1"
5    android:versionName="1.0" >
6
7    <uses-sdk
8        android:minSdkVersion="16"
8-->src\main\AndroidManifest.xml
9        android:targetSdkVersion="30" />
9-->src\main\AndroidManifest.xml
10
11    <uses-permission android:name="android.permission.INTERNET" />
11-->src\main\AndroidManifest.xml:5:5-67
11-->src\main\AndroidManifest.xml:5:22-64
12
13    <application
13-->src\main\AndroidManifest.xml:7:5-28:19
14        android:allowBackup="true"
14-->src\main\AndroidManifest.xml:8:9-35
15        android:appComponentFactory="androidx.core.app.CoreComponentFactory"
15-->[androidx.core:core:1.3.1] AndroidManifest.xml:24:18-86
16        android:debuggable="true"
17        android:icon="@drawable/world_cinema"
17-->src\main\AndroidManifest.xml:9:9-46
18        android:label="@string/app_name"
18-->src\main\AndroidManifest.xml:10:9-41
19        android:roundIcon="@drawable/world_cinema"
19-->src\main\AndroidManifest.xml:11:9-51
20        android:supportsRtl="true"
20-->src\main\AndroidManifest.xml:12:9-35
21        android:testOnly="true"
22        android:theme="@style/Theme.Netflix" >
22-->src\main\AndroidManifest.xml:13:9-45
23        <activity android:name="com.example.netflix.FilmScreen" />
23-->src\main\AndroidManifest.xml:14:9-57
23-->src\main\AndroidManifest.xml:14:19-45
24        <activity android:name="com.example.netflix.MovieScreen" />
24-->src\main\AndroidManifest.xml:15:9-49
24-->src\main\AndroidManifest.xml:15:19-46
25        <activity
25-->src\main\AndroidManifest.xml:16:9-18:66
26            android:name="com.example.netflix.MainScreen"
26-->src\main\AndroidManifest.xml:17:13-39
27            android:label="@string/title_activity_main_screen" />
27-->src\main\AndroidManifest.xml:18:13-63
28        <activity android:name="com.example.netflix.LogUpScreen" />
28-->src\main\AndroidManifest.xml:19:9-49
28-->src\main\AndroidManifest.xml:19:19-46
29        <activity android:name="com.example.netflix.LoginScreen" />
29-->src\main\AndroidManifest.xml:20:9-49
29-->src\main\AndroidManifest.xml:20:19-46
30        <activity android:name="com.example.netflix.LoadScreen" >
30-->src\main\AndroidManifest.xml:21:9-27:20
30-->src\main\AndroidManifest.xml:21:19-45
31            <intent-filter>
31-->src\main\AndroidManifest.xml:22:13-26:29
32                <action android:name="android.intent.action.MAIN" />
32-->src\main\AndroidManifest.xml:23:17-69
32-->src\main\AndroidManifest.xml:23:25-66
33
34                <category android:name="android.intent.category.LAUNCHER" />
34-->src\main\AndroidManifest.xml:25:17-77
34-->src\main\AndroidManifest.xml:25:27-74
35            </intent-filter>
36        </activity>
37    </application>
38
39</manifest>